<?xml version="1.0" encoding="UTF-8"?>
<testsuite name="CalculadoraTest" tests="6" skipped="0" failures="0" errors="0" timestamp="2023-10-10T00:38:20" hostname="PERQUIM" time="0.03">
  <properties/>
  <testcase name="Multiplicacao Test" classname="CalculadoraTest" time="0.016"/>
  <testcase name="DivisÃ£o Test" classname="CalculadoraTest" time="0.002"/>
  <testcase name="Subtracao Test" classname="CalculadoraTest" time="0.001"/>
  <testcase name="Potencia Test" classname="CalculadoraTest" time="0.001"/>
  <testcase name="Raiz Test" classname="CalculadoraTest" time="0.001"/>
  <testcase name="Soma Test" classname="CalculadoraTest" time="0.001"/>
  <system-out><![CDATA[]]></system-out>
  <system-err><![CDATA[]]></system-err>
</testsuite>
