<?xml version="1.0" encoding="UTF-8"?>
<testsuite name="OperacaoNumerosTest" tests="5" skipped="0" failures="0" errors="0" timestamp="2023-10-10T05:31:26" hostname="PERQUIM" time="0.026">
  <properties/>
  <testcase name="Metodo 1" classname="OperacaoNumerosTest" time="0.014"/>
  <testcase name="Metodo 2" classname="OperacaoNumerosTest" time="0.002"/>
  <testcase name="Metodo 3" classname="OperacaoNumerosTest" time="0.002"/>
  <testcase name="Metodo 4" classname="OperacaoNumerosTest" time="0.001"/>
  <testcase name="Metodo 5" classname="OperacaoNumerosTest" time="0.002"/>
  <system-out><![CDATA[]]></system-out>
  <system-err><![CDATA[]]></system-err>
</testsuite>
